0 info it worked if it ends with ok
1 verbose cli [ 'C:\\Program Files\\nodejs\\node.exe',
1 verbose cli   'C:\\Program Files\\nodejs\\node_modules\\npm\\bin\\npm-cli.js',
1 verbose cli   'run',
1 verbose cli   'watch' ]
2 info using npm@3.10.10
3 info using node@v6.11.2
4 verbose run-script [ 'prewatch', 'watch', 'postwatch' ]
5 info lifecycle wpsass@1.0.0~prewatch: wpsass@1.0.0
6 silly lifecycle wpsass@1.0.0~prewatch: no script for prewatch, continuing
7 info lifecycle wpsass@1.0.0~watch: wpsass@1.0.0
8 verbose lifecycle wpsass@1.0.0~watch: unsafe-perm in lifecycle true
9 verbose lifecycle wpsass@1.0.0~watch: PATH: C:\Program Files\nodejs\node_modules\npm\bin\node-gyp-bin;D:\Programy\xampp\htdocs\wordpress\wp-content\themes\graviti\node_modules\.bin;C:\Users\Igor\AppData\Roaming\npm;C:\Program Files\nodejs\;C:\Program Files (x86)\Common Files\Intel\Shared Libraries\redist\intel64\compiler;C:\Program Files (x86)\Common Files\Intel\Shared Libraries\redist\ia32\compiler;C:\WINDOWS\system32;C:\WINDOWS;C:\WINDOWS\System32\Wbem;C:\WINDOWS\System32\WindowsPowerShell\v1.0\;C:\Program Files (x86)\ATI Technologies\ATI.ACE\Core-Static;C:\Program Files (x86)\AMD\ATI.ACE\Core-Static;C:\Program Files (x86)\Skype\Phone\;C:\Program Files\nodejs\;C:\Users\Igor\AppData\Local\Microsoft\WindowsApps;C:\Users\Igor\AppData\Roaming\npm
10 verbose lifecycle wpsass@1.0.0~watch: CWD: D:\Programy\xampp\htdocs\wordpress\wp-content\themes\graviti
11 silly lifecycle wpsass@1.0.0~watch: Args: [ '/d /s /c', 'nodemon -e scss -x "npm run css"' ]
12 verbose stack Error: kill ENOSYS
12 verbose stack     at exports._errnoException (util.js:1020:11)
12 verbose stack     at process.kill (internal/process.js:190:13)
12 verbose stack     at process.listener (C:\Program Files\nodejs\node_modules\npm\node_modules\npmlog\node_modules\gauge\node_modules\signal-exit\index.js:86:15)
12 verbose stack     at emitNone (events.js:91:20)
12 verbose stack     at process.emit (events.js:185:7)
12 verbose stack     at processEmit (C:\Program Files\nodejs\node_modules\npm\node_modules\npmlog\node_modules\gauge\node_modules\signal-exit\index.js:146:32)
12 verbose stack     at processEmit (C:\Program Files\nodejs\node_modules\npm\node_modules\npm-registry-client\node_modules\npmlog\node_modules\gauge\node_modules\signal-exit\index.js:146:32)
12 verbose stack     at Signal.wrap.onsignal (internal/process.js:217:44)
13 verbose cwd D:\Programy\xampp\htdocs\wordpress\wp-content\themes\graviti
14 error Windows_NT 10.0.15063
15 error argv "C:\\Program Files\\nodejs\\node.exe" "C:\\Program Files\\nodejs\\node_modules\\npm\\bin\\npm-cli.js" "run" "watch"
16 error node v6.11.2
17 error npm  v3.10.10
18 error code ENOSYS
19 error errno ENOSYS
20 error syscall kill
21 error kill ENOSYS
22 error If you need help, you may report this error at:
22 error     <https://github.com/npm/npm/issues>
23 verbose exit [ 1, true ]
